MPASM  5.50                          MAIN.ASM   7-29-2024  11:20:08         PAGE  1


LOC  OBJECT CODE     LINE SOURCE TEXT
  VALUE

                      00001 #include "p10f322.inc"
                      00001         LIST
                      00002 
                      00003 ;==========================================================================
                      00004 ;  MPASM PIC10F322 processor include
                      00005 ; 
                      00006 ;  (c) Copyright 1999-2013 Microchip Technology, All rights reserved
                      00007 ;==========================================================================
                      00008 
                      00703         LIST
                      00002 #include "Init.asm"
                      00001 ;INIT block begin\\\\\\\\\\\\\\\\\\\\\\\\\\\\\\\\\\\\\\\\\\\\\\\\\\\\
                      00002         
                      00003 Init macro
                      00004         clrf    ANSELA      ;off analog
                      00005         clrf    LATA        
                      00006         clrf    TRISA       ;on output
                      00007         clrf    PORTA
                      00008         movlw   b'01010000' ;4MHz
                      00009         ;movlw  b'00110000' ;1MHz
                      00010         ;movlw  b'01000000' ;2MHz
                      00011         movwf   OSCCON
                      00012         movlw   0x06
                      00013         movwf   FSR
                      00014 clearloop
                      00015         clrf    INDF
                      00016         incf    FSR,F
                      00017         movf    FSR,W
                      00018         sublw   0x7F
                      00019         btfss   STATUS,Z
                      00020         goto    clearloop
                      00021         goto    Main
                      00022         endm
                      00023         
                      00024 ;INIT block end\\\\\\\\\\\\\\\\\\\\\\\\\\\\\\\\\\\\\\\\\\\\\\\\\\\\
                      00003 #include "LCD.asm"
                      00001 LCDInit macro
                      00002 
                      00003 ;for 0 index
                      00004 DigitPatternsLowIndex0
                      00005                 addwf   PCL, F
                      00006                 retlw   b'00001000' ;0
                      00007                 retlw   b'00001000' ;1
                      00008                 retlw   b'00000000' ;2
                      00009 ;for 1 index
                      00010 DigitPatternsLowIndex1
                      00011                 addwf   PCL, F
                      00012                 retlw   b'00000111' ;0
                      00013                 retlw   b'00000110' ;1
                      00014                 retlw   b'00000011' ;2
                      00015                 retlw   b'00000111' ;3
                      00016                 retlw   b'00000110' ;4
                      00017                 retlw   b'00000101' ;5
MPASM  5.50                          MAIN.ASM   7-29-2024  11:20:08         PAGE  2


LOC  OBJECT CODE     LINE SOURCE TEXT
  VALUE

                      00018                 retlw   b'00000101' ;6  
                      00019                 retlw   b'00000111' ;7
                      00020                 retlw   b'00000111' ;8
                      00021                 retlw   b'00000111' ;9
                      00022 ;for 2 index
                      00023 DigitPatternsLowIndex2
                      00024                 addwf   PCL, F
                      00025                 retlw   b'00010111' ;0
                      00026                 retlw   b'00010100' ;1
                      00027                 retlw   b'00000110' ;2
                      00028                 retlw   b'00010110' ;3
                      00029                 retlw   b'00010101' ;4
                      00030                 retlw   b'00010011' ;5
                      00031 ;for 3 index
                      00032 DigitPatternsLowIndex3
                      00033                 addwf   PCL, F
                      00034                 retlw   b'00011101' ;0
                      00035                 retlw   b'00011000' ;1
                      00036                 retlw   b'00001100' ;2
                      00037                 retlw   b'00011100' ;3
                      00038                 retlw   b'00011001' ;4
                      00039                 retlw   b'00010101' ;5
                      00040                 retlw   b'00010101' ;6
                      00041                 retlw   b'00011100' ;7
                      00042                 retlw   b'00011101' ;8
                      00043                 retlw   b'00011101' ;9
                      00044 ;for 0 index
                      00045 DigitPatternsHighIndex0
                      00046                 addwf   PCL, F
                      00047                 retlw   b'01110110' ;0
                      00048                 retlw   b'01000000' ;1
                      00049                 retlw   b'01101110' ;2
                      00050 ;for 1 index
                      00051 DigitPatternsHighIndex1
                      00052                 addwf   PCL, F
                      00053                 retlw   b'10110000' ;0
                      00054                 retlw   b'00000000' ;1
                      00055                 retlw   b'01110000' ;2
                      00056                 retlw   b'01010000' ;3
                      00057                 retlw   b'11000000' ;4
                      00058                 retlw   b'11010000' ;5
                      00059                 retlw   b'11110000' ;6
                      00060                 retlw   b'00000000' ;7
                      00061                 retlw   b'11110000' ;8
                      00062                 retlw   b'11010000' ;9
                      00063 
                      00064 ;for 2 index
                      00065 DigitPatternsHighIndex2
                      00066                 addwf   PCL, F
                      00067                 retlw   b'01010000' ;0
                      00068                 retlw   b'00000000' ;1
                      00069                 retlw   b'11010000' ;2
                      00070                 retlw   b'10010000' ;3
MPASM  5.50                          MAIN.ASM   7-29-2024  11:20:08         PAGE  3


LOC  OBJECT CODE     LINE SOURCE TEXT
  VALUE

                      00071                 retlw   b'10000000' ;4
                      00072                 retlw   b'10010000' ;5
                      00073 ;for 3 index
                      00074 DigitPatternsHighIndex3
                      00075                 addwf   PCL, F
                      00076                 retlw   b'01100000' ;0
                      00077                 retlw   b'00000000' ;1
                      00078                 retlw   b'11100000' ;2
                      00079                 retlw   b'10100000' ;3
                      00080                 retlw   b'10000000' ;4
                      00081                 retlw   b'10100000' ;5
                      00082                 retlw   b'11100000' ;6
                      00083                 retlw   b'00000000' ;7
                      00084                 retlw   b'11100000' ;8
                      00085                 retlw   b'10100000' ;9
                      00086 
                      00087 SetDigit
                      00088         movf    DIGIT_INDEX,    W
                      00089         addwf   PCL, F
                      00090         goto    SetDigit0
                      00091         goto    SetDigit1
                      00092         goto    SetDigit2
                      00093         goto    SetDigit3
                      00094 
                      00095 SetDigit0
                      00096         movf    DIGIT_VALUE, W
                      00097         call    DigitPatternsLowIndex0
                      00098         iorwf   RGL4, F
                      00099         movf    DIGIT_VALUE, W
                      00100         call    DigitPatternsHighIndex0
                      00101         iorwf   RGL5, F  
                      00102         return
                      00103   
                      00104 SetDigit1
                      00105         movf    DIGIT_VALUE, W
                      00106         call    DigitPatternsLowIndex1
                      00107         iorwf   RGL3, F
                      00108         movf    DIGIT_VALUE, W
                      00109                 call    DigitPatternsHighIndex1
                      00110         iorwf   RGL4, F  
                      00111         return
                      00112   
                      00113 SetDigit2
                      00114         movf    DIGIT_VALUE, W
                      00115         call    DigitPatternsLowIndex2
                      00116         iorwf   RGL1, F
                      00117         movf    DIGIT_VALUE, W
                      00118         call    DigitPatternsHighIndex2
                      00119         iorwf   RGL2, F  
                      00120         return
                      00121   
                      00122 SetDigit3
                      00123         movf    DIGIT_VALUE, W
MPASM  5.50                          MAIN.ASM   7-29-2024  11:20:08         PAGE  4


LOC  OBJECT CODE     LINE SOURCE TEXT
  VALUE

                      00124         call    DigitPatternsLowIndex3
                      00125         iorwf   RGL0, F
                      00126         movf    DIGIT_VALUE, W
                      00127         call    DigitPatternsHighIndex3
                      00128         iorwf   RGL1, F  
                      00129         return
                      00130 
                      00131 ClearDisplay
                      00132                 call    LCDClearReg
                      00133                 movlw   .48
                      00134                 movwf   Counter
                      00135             bcf     PORTA,Clock_line    ;0
                      00136             bcf     PORTA,LCD_line
                      00137 loop_counter2
                      00138             bcf     PORTA,Data_line
                      00139             bsf     PORTA,Clock_line    ;1
                      00140             nop
                      00141             bcf     PORTA,Clock_line    ;0
                      00142             decfsz  Counter, F
                      00143             goto    loop_counter2
                      00144             bcf     PORTA,Data_line
                      00145             bsf     PORTA,Clock_line    ;1
                      00146             nop
                      00147             bcf     PORTA,Clock_line    ;0
                      00148             bsf     PORTA,LCD_line
                      00149             nop
                      00150             bcf     PORTA,LCD_line
                      00151             return
                      00152             
                      00153 LCDClearReg 
                      00154             clrf    RGL0
                      00155             clrf    RGL1
                      00156             clrf    RGL2
                      00157             clrf    RGL3
                      00158             clrf    RGL4
                      00159             clrf    RGL5
                      00160             return
                      00161             
                      00162 
                      00163 Showdisplay
                      00164             bcf     STATUS,C
                      00165             clrf    TEMP
                      00166             bcf     PORTA,Clock_line
                      00167             bcf     PORTA,LCD_line
                      00168             movf    RGL0, W
                      00169             movwf   TEMP          
                      00170             call    LCDloopReg
                      00171             movf    RGL1, W
                      00172             movwf   TEMP
                      00173             call    LCDloopReg
                      00174             movf    RGL2, W
                      00175             movwf   TEMP
                      00176             call    LCDloopReg
MPASM  5.50                          MAIN.ASM   7-29-2024  11:20:08         PAGE  5


LOC  OBJECT CODE     LINE SOURCE TEXT
  VALUE

                      00177             movf    RGL3, W
                      00178             movwf   TEMP
                      00179             call    LCDloopReg
                      00180             movf    RGL4, W
                      00181             movwf   TEMP
                      00182             call    LCDloopReg
                      00183             movf    RGL5, W
                      00184             movwf   TEMP
                      00185             call    LCDloopReg
                      00186             bcf     PORTA,Data_line
                      00187             bsf     PORTA,Clock_line    ;1
                      00188             nop
                      00189             nop
                      00190             bcf     PORTA,Clock_line    ;0
                      00191             bsf     PORTA,LCD_line
                      00192             nop
                      00193             bcf     PORTA,LCD_line
                      00194             return
                      00195 
                      00196 LCDloopReg
                      00197             movlw   .8
                      00198             movwf   COUNT
                      00199             bcf     STATUS,C
                      00200 TMPloop1    
                      00201             rlf     TEMP,F
                      00202             bcf     PORTA,Data_line
                      00203             btfsc   STATUS,C    ;proverka flaga perenoca
                      00204             bsf     PORTA,Data_line
                      00205             bsf     PORTA,Clock_line    ;1
                      00206             nop
                      00207             bcf     PORTA,Clock_line    ;0
                      00208             decfsz  COUNT,F
                      00209             goto    TMPloop1
                      00210             return
                      00211 
                      00212                 endm
                      00004 #include "I2CInit.asm"
                      00001 I2CInit macro
                      00002 
                      00003 Init_I2C
                      00004         bsf     TRISA, Clock_line
                      00005         bsf     TRISA, Data_line
                      00006         return
                      00007         
                      00008 UnInit_I2C
                      00009         bcf     TRISA, Clock_line
                      00010         bcf     TRISA, Data_line
                      00011         return
                      00012 
                      00013 Clock_null
                      00014         bcf     PORTA, Clock_line
                      00015         bcf     TRISA, Clock_line
                      00016         return
MPASM  5.50                          MAIN.ASM   7-29-2024  11:20:08         PAGE  6


LOC  OBJECT CODE     LINE SOURCE TEXT
  VALUE

                      00017         
                      00018 Clock_one
                      00019         bsf     TRISA, Clock_line
                      00020         return
                      00021 
                      00022 Data_null
                      00023         bcf     PORTA, Data_line
                      00024         bcf     TRISA, Data_line
                      00025         return
                      00026         
                      00027 Data_one
                      00028         bsf     TRISA, Data_line
                      00029         return
                      00030 
                      00031 Start_uslovie
                      00032         call    Data_one ;na vsaki slychai
                      00033         call    Clock_one
                      00034         call    Data_null
                      00035         call    Clock_null
                      00036         return
                      00037         
                      00038 Stop_uslovie
                      00039         call    Data_null
                      00040         call    Clock_one
                      00041 wait_clock_p
                      00042         btfss   PORTA,Clock_line
                      00043         goto    wait_clock_p
                      00044         call    Data_one
                      00045         return
                      00046         
                      00047 Send_Byte
                      00048         bcf     I2C_flags,0
                      00049         movlw   .8
                      00050         movwf   Bit_counter
                      00051 next_bit_s
                      00052         btfsc   BTS,7
                      00053         call    Data_one
                      00054         btfss   BTS,7
                      00055         call    Data_null
                      00056         call    Clock_one
                      00057 wait_clock_s1
                      00058         btfss   PORTA,Clock_line
                      00059         goto    wait_clock_s1
                      00060         call    Clock_null
                      00061         rlf     BTS,1
                      00062         decfsz  Bit_counter,1
                      00063         goto    next_bit_s
                      00064         call    Data_one
                      00065         call    Clock_one
                      00066 wait_clock_s2
                      00067         btfss   PORTA,Clock_line
                      00068         goto    wait_clock_s2
                      00069         btfsc   PORTA,Data_line
MPASM  5.50                          MAIN.ASM   7-29-2024  11:20:08         PAGE  7


LOC  OBJECT CODE     LINE SOURCE TEXT
  VALUE

                      00070         bsf     I2C_flags,0
                      00071         call    Clock_null
                      00072         return
                      00073         
                      00074 Recieve_Byte
                      00075         clrf    RDB
                      00076         movlw   .8
                      00077         movwf   Bit_counter
                      00078 next_bit_r
                      00079         bcf     STATUS,0
                      00080         rlf     RDB,1
                      00081         call    Data_one
                      00082         call    Clock_line
                      00083 wait_clock_r1
                      00084         btfss   PORTA,Clock_line
                      00085         goto    wait_clock_r1
                      00086         btfsc   PORTA,Data_line
                      00087         bsf     RDB,0
                      00088         call    Clock_null
                      00089         decfsz  Bit_counter
                      00090         call    next_bit_r
                      00091         btfsc   I2C_flags,0
                      00092         call    Data_one
                      00093         call    Clock_one
                      00094 wait_clock_r2
                      00095         btfss   PORTA,Clock_line
                      00096         goto    wait_clock_r2
                      00097         call    Clock_null
                      00098         return
                      00099 
                      00100         endm
                      00005             
                      00006     
                      00007                         LIST P=10F322
2007   3E86           00008                         __CONFIG _FOSC_INTOSC & _BOREN_ON & _WDTE_OFF & _PWRTE_ON & _MCLRE_OFF & _CP_OFF
                             & _LVP_OFF & _LPBOR_ON & _BORV_LO & _WRT_OFF
                      00009             
  00000003            00010 STATUS          EQU         03h
  00000005            00011 PORTA           EQU         05h
  00000006            00012 TRISA           EQU         06h
                      00013             
                      00014 
  00000001            00015 Clock_line      EQU         1
  00000000            00016 Data_line       EQU         0
  00000002            00017 LCD_line        EQU         2
  00000003            00018 Button_line     EQU         3
                      00019 
                      00020 ;I2C Reg
  00000040            00021 BTS                     EQU         40h
  00000041            00022 RDB                     EQU         41h
  00000042            00023 Bit_counter     EQU         42h
  00000043            00024 I2C_flags       EQU         43h
                      00025 
MPASM  5.50                          MAIN.ASM   7-29-2024  11:20:08         PAGE  8


LOC  OBJECT CODE     LINE SOURCE TEXT
  VALUE

                      00026 ;Pause Reg
  00000044            00027 Reg_1           EQU         44h
  00000045            00028 Reg_2           EQU         45h
  00000046            00029 Reg_3           EQU         46h
                      00030             
                      00031 ;LCD Reg
  00000047            00032 Counter         EQU         47h
  00000048            00033 RGL0            EQU         48h
  00000049            00034 RGL1            EQU         49h
  0000004A            00035 RGL2            EQU         4Ah
  0000004B            00036 RGL3            EQU         4Bh
  0000004C            00037 RGL4            EQU         4Ch
  0000004D            00038 RGL5            EQU         4Dh
  0000004E            00039 TEMP            EQU         4Eh
  0000004F            00040 COUNT           EQU         4Fh
                      00041   
  00000050            00042 DIGIT_INDEX     EQU         50h
  00000051            00043 DIGIT_VALUE     EQU         51h
  00000052            00044 HOUR_TENS       EQU         52h
  00000053            00045 HOUR_UNITS      EQU         53h
  00000054            00046 MINUTE_TENS     EQU         54h
  00000055            00047 MINUTE_UNITS    EQU    55h
                      00048  
                      00049 ;DS1338 Reg
  00000056            00050 TempSeconds     EQU         56h
  00000057            00051 Seconds         EQU         57h
  00000058            00052 Minutes         EQU         58h
  00000059            00053 Hours           EQU         59h
                      00054             
                      00055                     
                      00056             
0000                  00057 Start                   org     0
                      00058         
                      00059                                 Init
0000   0188               M         clrf    ANSELA      ;off analog
0001   0187               M         clrf    LATA        
0002   0186               M         clrf    TRISA       ;on output
0003   0185               M         clrf    PORTA
0004   3050               M         movlw   b'01010000' ;4MHz
                          M         ;movlw  b'00110000' ;1MHz
                          M         ;movlw  b'01000000' ;2MHz
0005   0090               M         movwf   OSCCON
0006   3006               M         movlw   0x06
0007   0084               M         movwf   FSR
0008                      M clearloop
0008   0180               M         clrf    INDF
0009   0A84               M         incf    FSR,F
000A   0804               M         movf    FSR,W
000B   3C7F               M         sublw   0x7F
000C   1D03               M         btfss   STATUS,Z
000D   2808               M         goto    clearloop
000E   28FF               M         goto    Main
                      00060                                 I2CInit
MPASM  5.50                          MAIN.ASM   7-29-2024  11:20:08         PAGE  9


LOC  OBJECT CODE     LINE SOURCE TEXT
  VALUE

                          M 
000F                      M Init_I2C
000F   1486               M         bsf     TRISA, Clock_line
0010   1406               M         bsf     TRISA, Data_line
0011   0008               M         return
                          M         
0012                      M UnInit_I2C
0012   1086               M         bcf     TRISA, Clock_line
0013   1006               M         bcf     TRISA, Data_line
0014   0008               M         return
                          M 
0015                      M Clock_null
0015   1085               M         bcf     PORTA, Clock_line
0016   1086               M         bcf     TRISA, Clock_line
0017   0008               M         return
                          M         
0018                      M Clock_one
0018   1486               M         bsf     TRISA, Clock_line
0019   0008               M         return
                          M 
001A                      M Data_null
001A   1005               M         bcf     PORTA, Data_line
001B   1006               M         bcf     TRISA, Data_line
001C   0008               M         return
                          M         
001D                      M Data_one
001D   1406               M         bsf     TRISA, Data_line
001E   0008               M         return
                          M 
001F                      M Start_uslovie
001F   201D               M         call    Data_one ;na vsaki slychai
0020   2018               M         call    Clock_one
0021   201A               M         call    Data_null
0022   2015               M         call    Clock_null
0023   0008               M         return
                          M         
0024                      M Stop_uslovie
0024   201A               M         call    Data_null
0025   2018               M         call    Clock_one
0026                      M wait_clock_p
0026   1C85               M         btfss   PORTA,Clock_line
0027   2826               M         goto    wait_clock_p
0028   201D               M         call    Data_one
0029   0008               M         return
                          M         
002A                      M Send_Byte
002A   1043               M         bcf     I2C_flags,0
002B   3008               M         movlw   .8
002C   00C2               M         movwf   Bit_counter
002D                      M next_bit_s
002D   1BC0               M         btfsc   BTS,7
002E   201D               M         call    Data_one
002F   1FC0               M         btfss   BTS,7
MPASM  5.50                          MAIN.ASM   7-29-2024  11:20:08         PAGE 10


LOC  OBJECT CODE     LINE SOURCE TEXT
  VALUE

0030   201A               M         call    Data_null
0031   2018               M         call    Clock_one
0032                      M wait_clock_s1
0032   1C85               M         btfss   PORTA,Clock_line
0033   2832               M         goto    wait_clock_s1
0034   2015               M         call    Clock_null
0035   0DC0               M         rlf     BTS,1
0036   0BC2               M         decfsz  Bit_counter,1
0037   282D               M         goto    next_bit_s
0038   201D               M         call    Data_one
0039   2018               M         call    Clock_one
003A                      M wait_clock_s2
003A   1C85               M         btfss   PORTA,Clock_line
003B   283A               M         goto    wait_clock_s2
003C   1805               M         btfsc   PORTA,Data_line
003D   1443               M         bsf     I2C_flags,0
003E   2015               M         call    Clock_null
003F   0008               M         return
                          M         
0040                      M Recieve_Byte
0040   01C1               M         clrf    RDB
0041   3008               M         movlw   .8
0042   00C2               M         movwf   Bit_counter
0043                      M next_bit_r
0043   1003               M         bcf     STATUS,0
0044   0DC1               M         rlf     RDB,1
0045   201D               M         call    Data_one
0046   2001               M         call    Clock_line
0047                      M wait_clock_r1
0047   1C85               M         btfss   PORTA,Clock_line
0048   2847               M         goto    wait_clock_r1
0049   1805               M         btfsc   PORTA,Data_line
004A   1441               M         bsf     RDB,0
004B   2015               M         call    Clock_null
Message[305]: Using default destination of 1 (file).
004C   0BC2               M         decfsz  Bit_counter
004D   2043               M         call    next_bit_r
004E   1843               M         btfsc   I2C_flags,0
004F   201D               M         call    Data_one
0050   2018               M         call    Clock_one
0051                      M wait_clock_r2
0051   1C85               M         btfss   PORTA,Clock_line
0052   2851               M         goto    wait_clock_r2
0053   2015               M         call    Clock_null
0054   0008               M         return
                          M 
                      00061                                 LCDInit
                          M 
                          M ;for 0 index
0055                      M DigitPatternsLowIndex0
0055   0782               M                 addwf   PCL, F
0056   3408               M                 retlw   b'00001000' ;0
0057   3408               M                 retlw   b'00001000' ;1
MPASM  5.50                          MAIN.ASM   7-29-2024  11:20:08         PAGE 11


LOC  OBJECT CODE     LINE SOURCE TEXT
  VALUE

0058   3400               M                 retlw   b'00000000' ;2
                          M ;for 1 index
0059                      M DigitPatternsLowIndex1
0059   0782               M                 addwf   PCL, F
005A   3407               M                 retlw   b'00000111' ;0
005B   3406               M                 retlw   b'00000110' ;1
005C   3403               M                 retlw   b'00000011' ;2
005D   3407               M                 retlw   b'00000111' ;3
005E   3406               M                 retlw   b'00000110' ;4
005F   3405               M                 retlw   b'00000101' ;5
0060   3405               M                 retlw   b'00000101' ;6  
0061   3407               M                 retlw   b'00000111' ;7
0062   3407               M                 retlw   b'00000111' ;8
0063   3407               M                 retlw   b'00000111' ;9
                          M ;for 2 index
0064                      M DigitPatternsLowIndex2
0064   0782               M                 addwf   PCL, F
0065   3417               M                 retlw   b'00010111' ;0
0066   3414               M                 retlw   b'00010100' ;1
0067   3406               M                 retlw   b'00000110' ;2
0068   3416               M                 retlw   b'00010110' ;3
0069   3415               M                 retlw   b'00010101' ;4
006A   3413               M                 retlw   b'00010011' ;5
                          M ;for 3 index
006B                      M DigitPatternsLowIndex3
006B   0782               M                 addwf   PCL, F
006C   341D               M                 retlw   b'00011101' ;0
006D   3418               M                 retlw   b'00011000' ;1
006E   340C               M                 retlw   b'00001100' ;2
006F   341C               M                 retlw   b'00011100' ;3
0070   3419               M                 retlw   b'00011001' ;4
0071   3415               M                 retlw   b'00010101' ;5
0072   3415               M                 retlw   b'00010101' ;6
0073   341C               M                 retlw   b'00011100' ;7
0074   341D               M                 retlw   b'00011101' ;8
0075   341D               M                 retlw   b'00011101' ;9
                          M ;for 0 index
0076                      M DigitPatternsHighIndex0
0076   0782               M                 addwf   PCL, F
0077   3476               M                 retlw   b'01110110' ;0
0078   3440               M                 retlw   b'01000000' ;1
0079   346E               M                 retlw   b'01101110' ;2
                          M ;for 1 index
007A                      M DigitPatternsHighIndex1
007A   0782               M                 addwf   PCL, F
007B   34B0               M                 retlw   b'10110000' ;0
007C   3400               M                 retlw   b'00000000' ;1
007D   3470               M                 retlw   b'01110000' ;2
007E   3450               M                 retlw   b'01010000' ;3
007F   34C0               M                 retlw   b'11000000' ;4
0080   34D0               M                 retlw   b'11010000' ;5
0081   34F0               M                 retlw   b'11110000' ;6
0082   3400               M                 retlw   b'00000000' ;7
MPASM  5.50                          MAIN.ASM   7-29-2024  11:20:08         PAGE 12


LOC  OBJECT CODE     LINE SOURCE TEXT
  VALUE

0083   34F0               M                 retlw   b'11110000' ;8
0084   34D0               M                 retlw   b'11010000' ;9
                          M 
                          M ;for 2 index
0085                      M DigitPatternsHighIndex2
0085   0782               M                 addwf   PCL, F
0086   3450               M                 retlw   b'01010000' ;0
0087   3400               M                 retlw   b'00000000' ;1
0088   34D0               M                 retlw   b'11010000' ;2
0089   3490               M                 retlw   b'10010000' ;3
008A   3480               M                 retlw   b'10000000' ;4
008B   3490               M                 retlw   b'10010000' ;5
                          M ;for 3 index
008C                      M DigitPatternsHighIndex3
008C   0782               M                 addwf   PCL, F
008D   3460               M                 retlw   b'01100000' ;0
008E   3400               M                 retlw   b'00000000' ;1
008F   34E0               M                 retlw   b'11100000' ;2
0090   34A0               M                 retlw   b'10100000' ;3
0091   3480               M                 retlw   b'10000000' ;4
0092   34A0               M                 retlw   b'10100000' ;5
0093   34E0               M                 retlw   b'11100000' ;6
0094   3400               M                 retlw   b'00000000' ;7
0095   34E0               M                 retlw   b'11100000' ;8
0096   34A0               M                 retlw   b'10100000' ;9
                          M 
0097                      M SetDigit
0097   0850               M         movf    DIGIT_INDEX,    W
0098   0782               M         addwf   PCL, F
0099   289D               M         goto    SetDigit0
009A   28A4               M         goto    SetDigit1
009B   28AB               M         goto    SetDigit2
009C   28B2               M         goto    SetDigit3
                          M 
009D                      M SetDigit0
009D   0851               M         movf    DIGIT_VALUE, W
009E   2055               M         call    DigitPatternsLowIndex0
009F   04CC               M         iorwf   RGL4, F
00A0   0851               M         movf    DIGIT_VALUE, W
00A1   2076               M         call    DigitPatternsHighIndex0
00A2   04CD               M         iorwf   RGL5, F  
00A3   0008               M         return
                          M   
00A4                      M SetDigit1
00A4   0851               M         movf    DIGIT_VALUE, W
00A5   2059               M         call    DigitPatternsLowIndex1
00A6   04CB               M         iorwf   RGL3, F
00A7   0851               M         movf    DIGIT_VALUE, W
00A8   207A               M                 call    DigitPatternsHighIndex1
00A9   04CC               M         iorwf   RGL4, F  
00AA   0008               M         return
                          M   
00AB                      M SetDigit2
MPASM  5.50                          MAIN.ASM   7-29-2024  11:20:08         PAGE 13


LOC  OBJECT CODE     LINE SOURCE TEXT
  VALUE

00AB   0851               M         movf    DIGIT_VALUE, W
00AC   2064               M         call    DigitPatternsLowIndex2
00AD   04C9               M         iorwf   RGL1, F
00AE   0851               M         movf    DIGIT_VALUE, W
00AF   2085               M         call    DigitPatternsHighIndex2
00B0   04CA               M         iorwf   RGL2, F  
00B1   0008               M         return
                          M   
00B2                      M SetDigit3
00B2   0851               M         movf    DIGIT_VALUE, W
00B3   206B               M         call    DigitPatternsLowIndex3
00B4   04C8               M         iorwf   RGL0, F
00B5   0851               M         movf    DIGIT_VALUE, W
00B6   208C               M         call    DigitPatternsHighIndex3
00B7   04C9               M         iorwf   RGL1, F  
00B8   0008               M         return
                          M 
00B9                      M ClearDisplay
00B9   20CC               M                 call    LCDClearReg
00BA   3030               M                 movlw   .48
00BB   00C7               M                 movwf   Counter
00BC   1085               M             bcf     PORTA,Clock_line    ;0
00BD   1105               M             bcf     PORTA,LCD_line
00BE                      M loop_counter2
00BE   1005               M             bcf     PORTA,Data_line
00BF   1485               M             bsf     PORTA,Clock_line    ;1
00C0   0000               M             nop
00C1   1085               M             bcf     PORTA,Clock_line    ;0
00C2   0BC7               M             decfsz  Counter, F
00C3   28BE               M             goto    loop_counter2
00C4   1005               M             bcf     PORTA,Data_line
00C5   1485               M             bsf     PORTA,Clock_line    ;1
00C6   0000               M             nop
00C7   1085               M             bcf     PORTA,Clock_line    ;0
00C8   1505               M             bsf     PORTA,LCD_line
00C9   0000               M             nop
00CA   1105               M             bcf     PORTA,LCD_line
00CB   0008               M             return
                          M             
00CC                      M LCDClearReg 
00CC   01C8               M             clrf    RGL0
00CD   01C9               M             clrf    RGL1
00CE   01CA               M             clrf    RGL2
00CF   01CB               M             clrf    RGL3
00D0   01CC               M             clrf    RGL4
00D1   01CD               M             clrf    RGL5
00D2   0008               M             return
                          M             
                          M 
00D3                      M Showdisplay
00D3   1003               M             bcf     STATUS,C
00D4   01CE               M             clrf    TEMP
00D5   1085               M             bcf     PORTA,Clock_line
MPASM  5.50                          MAIN.ASM   7-29-2024  11:20:08         PAGE 14


LOC  OBJECT CODE     LINE SOURCE TEXT
  VALUE

00D6   1105               M             bcf     PORTA,LCD_line
00D7   0848               M             movf    RGL0, W
00D8   00CE               M             movwf   TEMP          
00D9   20F2               M             call    LCDloopReg
00DA   0849               M             movf    RGL1, W
00DB   00CE               M             movwf   TEMP
00DC   20F2               M             call    LCDloopReg
00DD   084A               M             movf    RGL2, W
00DE   00CE               M             movwf   TEMP
00DF   20F2               M             call    LCDloopReg
00E0   084B               M             movf    RGL3, W
00E1   00CE               M             movwf   TEMP
00E2   20F2               M             call    LCDloopReg
00E3   084C               M             movf    RGL4, W
00E4   00CE               M             movwf   TEMP
00E5   20F2               M             call    LCDloopReg
00E6   084D               M             movf    RGL5, W
00E7   00CE               M             movwf   TEMP
00E8   20F2               M             call    LCDloopReg
00E9   1005               M             bcf     PORTA,Data_line
00EA   1485               M             bsf     PORTA,Clock_line    ;1
00EB   0000               M             nop
00EC   0000               M             nop
00ED   1085               M             bcf     PORTA,Clock_line    ;0
00EE   1505               M             bsf     PORTA,LCD_line
00EF   0000               M             nop
00F0   1105               M             bcf     PORTA,LCD_line
00F1   0008               M             return
                          M 
00F2                      M LCDloopReg
00F2   3008               M             movlw   .8
00F3   00CF               M             movwf   COUNT
00F4   1003               M             bcf     STATUS,C
00F5                      M TMPloop1    
00F5   0DCE               M             rlf     TEMP,F
00F6   1005               M             bcf     PORTA,Data_line
00F7   1803               M             btfsc   STATUS,C    ;proverka flaga perenoca
00F8   1405               M             bsf     PORTA,Data_line
00F9   1485               M             bsf     PORTA,Clock_line    ;1
00FA   0000               M             nop
00FB   1085               M             bcf     PORTA,Clock_line    ;0
00FC   0BCF               M             decfsz  COUNT,F
00FD   28F5               M             goto    TMPloop1
00FE   0008               M             return
                          M 
                      00062         
00FF                  00063 Main
                      00064                                 ;proverka peredachi
                      00065                         ;call    Init_I2C
                      00066                         ;call    Start_uslovie
                      00067                                 ;call    MegaPause
                      00068                         ;movlw   .25
                      00069                         ;movwf   BTS
MPASM  5.50                          MAIN.ASM   7-29-2024  11:20:08         PAGE 15


LOC  OBJECT CODE     LINE SOURCE TEXT
  VALUE

                      00070                         ;call    Start_uslovie
                      00071                         ;call    Send_Byte
                      00072                         ;movlw   .55
                      00073                         ;movwf   BTS
                      00074                         ;call    Send_Byte
                      00075                         ;call    Stop_uslovie
                      00076  
                      00077                         ;call    Set_DS1338_Time
                      00078                         ;call    Pause
                      00079                         ;call    Read_DS1338_Time
                      00080                                 ;call    UnInit_I2C
                      00081     
                      00082                         ;call    Pause   
                      00083 
                      00084                                 ;loop time on display
00FF   20CC           00085                         call    LCDClearReg
0100   295F           00086                         goto    LOOP_TIME
                      00087 
0101   28FF           00088                                 goto    Main
                      00089         
                      00090 
                      00091 ;delay = 500 machine cycles
0102   30A6           00092 Pause           movlw       .166
0103   00C4           00093                 movwf       Reg_1
0104   0BC4           00094 wr              decfsz      Reg_1, F
0105   2904           00095                 goto        wr
0106   0000           00096                 nop
0107   0008           00097                         return
                      00098 
                      00099 
0108                  00100 MegaPause
0108   2102           00101                         call    Pause
0109   2102           00102                         call    Pause
010A   0008           00103                         return
                      00104                     
010B                  00105 MicroPause
010B   0000           00106                         nop
010C   0000           00107                         nop
010D   0000           00108                         nop
010E   0000           00109                         nop
010F   0008           00110                         return
                      00111             
                      00112 
                      00113 
                      00114 ;DS1338 block begin\\\\\\\\\\\\\\\\\\\\\\\\\\\\\\\\\\\\\\\\\\\\\\
                      00115         
0110                  00116 Set_DS1338_Time
0110   201F           00117                         call    Start_uslovie
                      00118     
0111   30D0           00119                         movlw   0xD0
0112   00C0           00120                         movwf   BTS
0113   202A           00121                         call    Send_Byte
                      00122     
MPASM  5.50                          MAIN.ASM   7-29-2024  11:20:08         PAGE 16


LOC  OBJECT CODE     LINE SOURCE TEXT
  VALUE

0114   3000           00123                                 movlw   0x00
0115   00C0           00124                         movwf   BTS
0116   202A           00125                         call    Send_Byte
                      00126     
0117   2024           00127                         call    Stop_uslovie
                      00128     
0118   201F           00129                         call    Start_uslovie
0119   30D1           00130                         movlw   0xD1
011A   00C0           00131                         movwf   BTS
011B   202A           00132                         call    Send_Byte
011C   2040           00133                         call    Recieve_Byte
011D   0841           00134                         movf    RDB, W
011E   00D6           00135                         movwf   TempSeconds
                      00136     
011F   2024           00137                         call    Stop_uslovie
                      00138     
0120   13D6           00139                         bcf     TempSeconds, 7
                      00140     
0121   201F           00141                         call    Start_uslovie
0122   30D0           00142                         movlw   0xD0
0123   00C0           00143                         movwf   BTS
0124   202A           00144                         call    Send_Byte
                      00145     
0125   3000           00146                         movlw   0x00
0126   00C0           00147                         movwf   BTS
0127   202A           00148                         call    Send_Byte
                      00149     
0128   0856           00150                         movf    TempSeconds, W
0129   00C0           00151                         movwf   BTS
012A   202A           00152                         call    Send_Byte
                      00153     
012B   3030           00154                         movlw   0x30
012C   00C0           00155                         movwf   BTS
012D   202A           00156                         call    Send_Byte
                      00157     
012E   3012           00158                         movlw   0x12
012F   00C0           00159                         movwf   BTS
0130   202A           00160                         call    Send_Byte
                      00161     
0131   2024           00162                         call    Stop_uslovie
0132   0008           00163                         return
                      00164 
0133                  00165 Read_DS1338_Time
0133   201F           00166                         call    Start_uslovie
                      00167     
0134   30D0           00168                         movlw   0xD0
0135   00C0           00169                         movwf   BTS
0136   202A           00170                         call    Send_Byte
                      00171     
0137   3000           00172                         movlw   0x00
0138   00C0           00173                         movwf   BTS
0139   202A           00174                         call    Send_Byte
                      00175     
MPASM  5.50                          MAIN.ASM   7-29-2024  11:20:08         PAGE 17


LOC  OBJECT CODE     LINE SOURCE TEXT
  VALUE

013A   2024           00176                         call    Stop_uslovie
                      00177     
013B   201F           00178                         call    Start_uslovie
                      00179     
013C   30D1           00180                         movlw   0xD1
013D   00C0           00181                         movwf   BTS
013E   202A           00182                         call    Send_Byte
                      00183     
013F   2040           00184                         call    Recieve_Byte
0140   00D7           00185                         movwf   Seconds
                      00186     
0141   2040           00187                         call    Recieve_Byte
0142   00D8           00188                         movwf   Minutes
                      00189     
0143   2040           00190                         call    Recieve_Byte
0144   00D9           00191                         movwf   Hours
                      00192     
0145   2024           00193                         call    Stop_uslovie
0146   0008           00194                         return
                      00195     
                      00196 ;DS1338 block end\\\\\\\\\\\\\\\\\\\\\\\\\\\\\\\\\\\\\\\\\\\\\\\\\\\
                      00197         
                      00198 
                      00199 ;Display Hours and Minutes
0147                  00200 DISPLAY_TIME
                      00201 ;Display Hour Tens
0147   0852           00202                         movf    HOUR_TENS, W
0148   00D1           00203                         movwf   DIGIT_VALUE
0149   3000           00204                         movlw   .0
014A   00D0           00205                         movwf   DIGIT_INDEX
014B   2097           00206                         call    SetDigit
                      00207 
                      00208 ;Display Hour Units
014C   0853           00209                         movf    HOUR_UNITS, W
014D   00D1           00210                         movwf   DIGIT_VALUE
014E   3001           00211                         movlw   .1
014F   00D0           00212                         movwf   DIGIT_INDEX
0150   2097           00213                         call    SetDigit
                      00214 
                      00215 ;Display Minute Tens
0151   0854           00216                         movf    MINUTE_TENS, W
0152   00D1           00217                         movwf   DIGIT_VALUE
0153   3002           00218                         movlw   .2
0154   00D0           00219                         movwf   DIGIT_INDEX
0155   2097           00220                         call    SetDigit
                      00221 
                      00222 ;Display Minute Units
0156   0855           00223                         movf    MINUTE_UNITS, W
0157   00D1           00224                                 movwf   DIGIT_VALUE
0158   3003           00225                         movlw   .3
0159   00D0           00226                         movwf   DIGIT_INDEX
015A   2097           00227                         call    SetDigit
                      00228 
MPASM  5.50                          MAIN.ASM   7-29-2024  11:20:08         PAGE 18


LOC  OBJECT CODE     LINE SOURCE TEXT
  VALUE

                      00229 ;Show the current time on display
015B   20D3           00230                         call    Showdisplay
015C   20CC           00231                         call    LCDClearReg
015D   2177           00232                                 call    Check_Time
015E   295F           00233                                 goto    LOOP_TIME ;For LOOP, no exit
                      00234 ;return
                      00235 
015F                  00236 LOOP_TIME
                      00237 ;Increment Time
015F   2108           00238                                 call    MegaPause
0160   0AD5           00239                         incf    MINUTE_UNITS, F
0161   300A           00240                         movlw   .10
0162   0255           00241                         subwf   MINUTE_UNITS, W
0163   1D03           00242                         btfss   STATUS, Z
0164   2947           00243                         goto    DISPLAY_TIME
                      00244 
0165   01D5           00245                         clrf    MINUTE_UNITS
0166   0AD4           00246                         incf    MINUTE_TENS, F
                      00247 
0167   3006           00248                         movlw   .6
0168   0254           00249                         subwf   MINUTE_TENS, W
0169   1D03           00250                         btfss   STATUS, Z
016A   2947           00251                         goto    DISPLAY_TIME
                      00252 
016B   01D4           00253                         clrf    MINUTE_TENS
016C   0AD3           00254                         incf    HOUR_UNITS, F
                      00255 
016D   300A           00256                         movlw   .10
016E   0253           00257                         subwf   HOUR_UNITS, W
016F   1D03           00258                         btfss   STATUS, Z
0170   2947           00259                         goto    DISPLAY_TIME
                      00260 
0171   01D3           00261                         clrf    HOUR_UNITS
0172   0AD2           00262                         incf    HOUR_TENS, F
                      00263 
0173   3002           00264                         movlw   .2
0174   0252           00265                         subwf   HOUR_TENS, W
0175   1D03           00266                         btfss   STATUS, Z
0176   2947           00267                         goto    DISPLAY_TIME
                      00268 
                      00269 ;Check if time reached 23:59
0177                  00270 Check_Time
0177   0852           00271                                 movf    HOUR_TENS, W
0178   3A02           00272                                 xorlw   .2
0179   1D03           00273                                 btfss   STATUS, Z
017A   295F           00274                                 goto    LOOP_TIME
                      00275 
017B   0853           00276                                 movf    HOUR_UNITS, W
017C   3A03           00277                                 xorlw   .3
017D   1D03           00278                                 btfss   STATUS, Z
017E   295F           00279                                 goto    LOOP_TIME
                      00280 
017F   0854           00281                                 movf    MINUTE_TENS, W
MPASM  5.50                          MAIN.ASM   7-29-2024  11:20:08         PAGE 19


LOC  OBJECT CODE     LINE SOURCE TEXT
  VALUE

0180   3A05           00282                                 xorlw   .5
0181   1D03           00283                                 btfss   STATUS, Z
0182   295F           00284                                 goto    LOOP_TIME
                      00285 
0183   0855           00286                                 movf    MINUTE_UNITS, W
0184   3A09           00287                                 xorlw   .9
0185   1D03           00288                                 btfss   STATUS, Z
0186   0008           00289                                 return
                      00290 ;Time reached 23:59, exit
0187   01D2           00291                                 clrf    HOUR_TENS
0188   01D3           00292                                 clrf    HOUR_UNITS
0189   01D4           00293                                 clrf    MINUTE_TENS
018A   01D5           00294                                 clrf    MINUTE_UNITS
018B   20B9           00295                                 call    ClearDisplay
018C   20CC           00296                                 call    LCDClearReg
018D   0008           00297                                 return
                      00298     
                      00299                                 end
MPASM  5.50                          MAIN.ASM   7-29-2024  11:20:08         PAGE 20


SYMBOL TABLE
  LABEL                             VALUE 

ADCON                             0000001F
ADCS0                             00000005
ADCS1                             00000006
ADCS2                             00000007
ADFVR0                            00000000
ADFVR1                            00000001
ADIE                              00000006
ADIF                              00000006
ADON                              00000000
ADRES                             0000001E
ANSA0                             00000000
ANSA1                             00000001
ANSA2                             00000002
ANSELA                            00000008
BORCON                            0000003F
BORFS                             00000006
BORRDY                            00000000
BTS                               00000040
Bit_counter                       00000042
Button_line                       00000003
C                                 00000000
CFGS                              00000006
CHS0                              00000002
CHS1                              00000003
CHS2                              00000004
CLC1CON                           00000031
CLC1GLS0                          00000035
CLC1GLS1                          00000036
CLC1GLS2                          00000037
CLC1GLS3                          00000038
CLC1IE                            00000003
CLC1IF                            00000003
CLC1POL                           00000034
CLC1SEL0                          00000032
CLC1SEL1                          00000033
CLKRCON                           00000026
CLKROE                            00000006
COUNT                             0000004F
CWG1CON0                          00000039
CWG1CON1                          0000003A
CWG1CON2                          0000003B
CWG1DBF                           0000003D
CWG1DBF0                          00000000
CWG1DBF1                          00000001
CWG1DBF2                          00000002
CWG1DBF3                          00000003
CWG1DBF4                          00000004
CWG1DBF5                          00000005
CWG1DBR                           0000003C
CWG1DBR0                          00000000
CWG1DBR1                          00000001
CWG1DBR2                          00000002
CWG1DBR3                          00000003
MPASM  5.50                          MAIN.ASM   7-29-2024  11:20:08         PAGE 21


SYMBOL TABLE
  LABEL                             VALUE 

CWG1DBR4                          00000004
CWG1DBR5                          00000005
Check_Time                        00000177
ClearDisplay                      000000B9
Clock_line                        00000001
Clock_null                        00000015
Clock_one                         00000018
Counter                           00000047
D1N                               00000000
D1S0                              00000000
D1S1                              00000001
D1S2                              00000002
D1T                               00000001
D2N                               00000002
D2S0                              00000004
D2S1                              00000005
D2S2                              00000006
D2T                               00000003
D3N                               00000004
D3S0                              00000000
D3S1                              00000001
D3S2                              00000002
D3T                               00000005
D4N                               00000006
D4S0                              00000004
D4S1                              00000005
D4S2                              00000006
D4T                               00000007
DC                                00000001
DIGIT_INDEX                       00000050
DIGIT_VALUE                       00000051
DISPLAY_TIME                      00000147
Data_line                         00000000
Data_null                         0000001A
Data_one                          0000001D
DigitPatternsHighIndex0           00000076
DigitPatternsHighIndex1           0000007A
DigitPatternsHighIndex2           00000085
DigitPatternsHighIndex3           0000008C
DigitPatternsLowIndex0            00000055
DigitPatternsLowIndex1            00000059
DigitPatternsLowIndex2            00000064
DigitPatternsLowIndex3            0000006B
F                                 00000001
FREE                              00000004
FSR                               00000004
FVRCON                            0000001D
FVREN                             00000007
FVRRDY                            00000006
G1ARSEN                           00000006
G1ASDLA0                          00000004
G1ASDLA1                          00000005
G1ASDLB0                          00000006
MPASM  5.50                          MAIN.ASM   7-29-2024  11:20:08         PAGE 22


SYMBOL TABLE
  LABEL                             VALUE 

G1ASDLB1                          00000007
G1ASDSCLC1                        00000001
G1ASDSFLT                         00000000
G1ASE                             00000007
G1CS0                             00000000
G1EN                              00000007
G1IS0                             00000000
G1IS1                             00000001
G1OEA                             00000005
G1OEB                             00000006
G1POL                             00000000
G1POLA                            00000003
G1POLB                            00000004
G2POL                             00000001
G3POL                             00000002
G4D1N                             00000000
G4D1T                             00000001
G4D2N                             00000002
G4D2T                             00000003
G4D3N                             00000004
G4D3T                             00000005
G4D4N                             00000006
G4D4T                             00000007
G4POL                             00000003
GIE                               00000007
GO_NOT_DONE                       00000001
HFIOFR                            00000003
HFIOFS                            00000000
HOUR_TENS                         00000052
HOUR_UNITS                        00000053
Hours                             00000059
I2CInit                           
I2C_flags                         00000043
INDF                              00000000
INTCON                            0000000B
INTE                              00000004
INTEDG                            00000006
INTF                              00000001
IOCAF                             0000001C
IOCAF0                            00000000
IOCAF1                            00000001
IOCAF2                            00000002
IOCAF3                            00000003
IOCAN                             0000001B
IOCAN0                            00000000
IOCAN1                            00000001
IOCAN2                            00000002
IOCAN3                            00000003
IOCAP                             0000001A
IOCAP0                            00000000
IOCAP1                            00000001
IOCAP2                            00000002
IOCAP3                            00000003
MPASM  5.50                          MAIN.ASM   7-29-2024  11:20:08         PAGE 23


SYMBOL TABLE
  LABEL                             VALUE 

IOCIE                             00000003
IOCIF                             00000000
IRCF0                             00000004
IRCF1                             00000005
IRCF2                             00000006
IRP                               00000007
Init                              
Init_I2C                          0000000F
LATA                              00000007
LATA0                             00000000
LATA1                             00000001
LATA2                             00000002
LC1D1S0                           00000000
LC1D1S1                           00000001
LC1D1S2                           00000002
LC1D2S0                           00000004
LC1D2S1                           00000005
LC1D2S2                           00000006
LC1D3S0                           00000000
LC1D3S1                           00000001
LC1D3S2                           00000002
LC1D4S0                           00000004
LC1D4S1                           00000005
LC1D4S2                           00000006
LC1EN                             00000007
LC1G1D1N                          00000000
LC1G1D1T                          00000001
LC1G1D2N                          00000002
LC1G1D2T                          00000003
LC1G1D3N                          00000004
LC1G1D3T                          00000005
LC1G1D4N                          00000006
LC1G1D4T                          00000007
LC1G1POL                          00000000
LC1G2D1N                          00000000
LC1G2D1T                          00000001
LC1G2D2N                          00000002
LC1G2D2T                          00000003
LC1G2D3N                          00000004
LC1G2D3T                          00000005
LC1G2D4N                          00000006
LC1G2D4T                          00000007
LC1G2POL                          00000001
LC1G3D1N                          00000000
LC1G3D1T                          00000001
LC1G3D2N                          00000002
LC1G3D2T                          00000003
LC1G3D3N                          00000004
LC1G3D3T                          00000005
LC1G3D4N                          00000006
LC1G3D4T                          00000007
LC1G3POL                          00000002
LC1G4D1N                          00000000
MPASM  5.50                          MAIN.ASM   7-29-2024  11:20:08         PAGE 24


SYMBOL TABLE
  LABEL                             VALUE 

LC1G4D1T                          00000001
LC1G4D2N                          00000002
LC1G4D2T                          00000003
LC1G4D3N                          00000004
LC1G4D3T                          00000005
LC1G4D4N                          00000006
LC1G4D4T                          00000007
LC1G4POL                          00000003
LC1INTN                           00000003
LC1INTP                           00000004
LC1MODE0                          00000000
LC1MODE1                          00000001
LC1MODE2                          00000002
LC1OE                             00000006
LC1OUT                            00000005
LC1POL                            00000007
LCDClearReg                       000000CC
LCDInit                           
LCD_line                          00000002
LCDloopReg                        000000F2
LCEN                              00000007
LCINTN                            00000003
LCINTP                            00000004
LCMODE0                           00000000
LCMODE1                           00000001
LCMODE2                           00000002
LCOE                              00000006
LCOUT                             00000005
LFIOFR                            00000001
LOOP_TIME                         0000015F
LWLO                              00000005
MINUTE_TENS                       00000054
MINUTE_UNITS                      00000055
Main                              000000FF
MegaPause                         00000108
MicroPause                        0000010B
Minutes                           00000058
N1CKS0                            00000000
N1CKS1                            00000001
N1EN                              00000007
N1OE                              00000006
N1OUT                             00000005
N1PFM                             00000000
N1POL                             00000004
N1PWS0                            00000005
N1PWS1                            00000006
N1PWS2                            00000007
NCO1ACC                           00000027
NCO1ACC0                          00000000
NCO1ACC1                          00000001
NCO1ACC10                         00000002
NCO1ACC11                         00000003
NCO1ACC12                         00000004
MPASM  5.50                          MAIN.ASM   7-29-2024  11:20:08         PAGE 25


SYMBOL TABLE
  LABEL                             VALUE 

NCO1ACC13                         00000005
NCO1ACC14                         00000006
NCO1ACC15                         00000007
NCO1ACC16                         00000000
NCO1ACC17                         00000001
NCO1ACC18                         00000002
NCO1ACC19                         00000003
NCO1ACC2                          00000002
NCO1ACC3                          00000003
NCO1ACC4                          00000004
NCO1ACC5                          00000005
NCO1ACC6                          00000006
NCO1ACC7                          00000007
NCO1ACC8                          00000000
NCO1ACC9                          00000001
NCO1ACCH                          00000028
NCO1ACCL                          00000027
NCO1ACCU                          00000029
NCO1CLK                           0000002E
NCO1CON                           0000002D
NCO1IE                            00000004
NCO1IF                            00000004
NCO1INC                           0000002A
NCO1INC0                          00000000
NCO1INC1                          00000001
NCO1INC10                         00000002
NCO1INC11                         00000003
NCO1INC12                         00000004
NCO1INC13                         00000005
NCO1INC14                         00000006
NCO1INC15                         00000007
NCO1INC2                          00000002
NCO1INC3                          00000003
NCO1INC4                          00000004
NCO1INC5                          00000005
NCO1INC6                          00000006
NCO1INC7                          00000007
NCO1INC8                          00000000
NCO1INC9                          00000001
NCO1INCH                          0000002B
NCO1INCL                          0000002A
NCO1INCU                          0000002C
NOT_BOR                           00000000
NOT_PD                            00000003
NOT_POR                           00000001
NOT_TO                            00000004
NOT_WPUEN                         00000007
OPTION_REG                        0000000E
OSCCON                            00000010
PCL                               00000002
PCLATH                            0000000A
PCLH0                             00000000
PCON                              0000000F
MPASM  5.50                          MAIN.ASM   7-29-2024  11:20:08         PAGE 26


SYMBOL TABLE
  LABEL                             VALUE 

PEIE                              00000006
PIE1                              0000000D
PIR1                              0000000C
PMADR                             00000020
PMADR8                            00000000
PMADRH                            00000021
PMADRL                            00000020
PMCON1                            00000024
PMCON2                            00000025
PMDAT                             00000022
PMDATH                            00000023
PMDATL                            00000022
POL                               00000007
PORTA                             00000005
PR2                               00000012
PS0                               00000000
PS1                               00000001
PS2                               00000002
PSA                               00000003
PWM1CON                           00000016
PWM1CON0                          00000016
PWM1DCH                           00000015
PWM1DCH0                          00000000
PWM1DCH1                          00000001
PWM1DCH2                          00000002
PWM1DCH3                          00000003
PWM1DCH4                          00000004
PWM1DCH5                          00000005
PWM1DCH6                          00000006
PWM1DCH7                          00000007
PWM1DCL                           00000014
PWM1DCL0                          00000006
PWM1DCL1                          00000007
PWM1EN                            00000007
PWM1OE                            00000006
PWM1OUT                           00000005
PWM1POL                           00000004
PWM2CON                           00000019
PWM2CON0                          00000019
PWM2DCH                           00000018
PWM2DCH0                          00000000
PWM2DCH1                          00000001
PWM2DCH2                          00000002
PWM2DCH3                          00000003
PWM2DCH4                          00000004
PWM2DCH5                          00000005
PWM2DCH6                          00000006
PWM2DCH7                          00000007
PWM2DCL                           00000017
PWM2DCL0                          00000006
PWM2DCL1                          00000007
PWM2EN                            00000007
PWM2OE                            00000006
MPASM  5.50                          MAIN.ASM   7-29-2024  11:20:08         PAGE 27


SYMBOL TABLE
  LABEL                             VALUE 

PWM2OUT                           00000005
PWM2POL                           00000004
Pause                             00000102
RA0                               00000000
RA1                               00000001
RA2                               00000002
RA3                               00000003
RD                                00000000
RDB                               00000041
RGL0                              00000048
RGL1                              00000049
RGL2                              0000004A
RGL3                              0000004B
RGL4                              0000004C
RGL5                              0000004D
RP0                               00000005
RP1                               00000006
Read_DS1338_Time                  00000133
Recieve_Byte                      00000040
Reg_1                             00000044
Reg_2                             00000045
Reg_3                             00000046
SBOREN                            00000007
STATUS                            00000003
SWDTEN                            00000000
Seconds                           00000057
Send_Byte                         0000002A
SetDigit                          00000097
SetDigit0                         0000009D
SetDigit1                         000000A4
SetDigit2                         000000AB
SetDigit3                         000000B2
Set_DS1338_Time                   00000110
Showdisplay                       000000D3
Start                             00000000
Start_uslovie                     0000001F
Stop_uslovie                      00000024
T0CS                              00000005
T0SE                              00000004
T2CKPS0                           00000000
T2CKPS1                           00000001
T2CON                             00000013
TEMP                              0000004E
TMPloop1                          000000F5
TMR0                              00000001
TMR0IE                            00000005
TMR0IF                            00000002
TMR2                              00000011
TMR2IE                            00000001
TMR2IF                            00000001
TMR2ON                            00000002
TOUTPS0                           00000003
TOUTPS1                           00000004
MPASM  5.50                          MAIN.ASM   7-29-2024  11:20:08         PAGE 28


SYMBOL TABLE
  LABEL                             VALUE 

TOUTPS2                           00000005
TOUTPS3                           00000006
TRISA                             00000006
TRISA0                            00000000
TRISA1                            00000001
TRISA2                            00000002
TSEN                              00000005
TSRNG                             00000004
TempSeconds                       00000056
UnInit_I2C                        00000012
VREGCON                           0000003E
VREGPM0                           00000000
VREGPM1                           00000001
W                                 00000000
WDTCON                            00000030
WDTPS0                            00000001
WDTPS1                            00000002
WDTPS2                            00000003
WDTPS3                            00000004
WDTPS4                            00000005
WPUA                              00000009
WPUA0                             00000000
WPUA1                             00000001
WPUA2                             00000002
WPUA3                             00000003
WR                                00000001
WREN                              00000002
WRERR                             00000003
Z                                 00000002
_BOREN_NSLEEP                     00003FFD
_BOREN_OFF                        00003FF9
_BOREN_ON                         00003FFF
_BOREN_SBODEN                     00003FFB
_BORV_24                          00003FFF
_BORV_27                          00003BFF
_BORV_HI                          00003BFF
_BORV_LO                          00003FFF
_CONFIG                           00002007
_CP_OFF                           00003FFF
_CP_ON                            00003F7F
_DEVID1                           00002006
_FOSC_EC                          00003FFF
_FOSC_INTOSC                      00003FFE
_IDLOC0                           00002000
_IDLOC1                           00002001
_IDLOC2                           00002002
_IDLOC3                           00002003
_LPBOR_OFF                        00003DFF
_LPBOR_ON                         00003FFF
_LVP_OFF                          00003EFF
_LVP_ON                           00003FFF
_MCLRE_OFF                        00003FBF
_MCLRE_ON                         00003FFF
MPASM  5.50                          MAIN.ASM   7-29-2024  11:20:08         PAGE 29


SYMBOL TABLE
  LABEL                             VALUE 

_PWRTE_OFF                        00003FFF
_PWRTE_ON                         00003FDF
_WDTE_NSLEEP                      00003FF7
_WDTE_OFF                         00003FE7
_WDTE_ON                          00003FFF
_WDTE_SWDTEN                      00003FEF
_WRT_ALL                          000027FF
_WRT_BOOT                         000037FF
_WRT_HALF                         00002FFF
_WRT_OFF                          00003FFF
__10F322                          00000001
__DEBUG                           1
clearloop                         00000008
loop_counter2                     000000BE
next_bit_r                        00000043
next_bit_s                        0000002D
wait_clock_p                      00000026
wait_clock_r1                     00000047
wait_clock_r2                     00000051
wait_clock_s1                     00000032
wait_clock_s2                     0000003A
wr                                00000104


MEMORY USAGE MAP ('X' = Used,  '-' = Unused)

0000 : XXXXXXXXXXXXXXXX XXXXXXXXXXXXXXXX XXXXXXXXXXXXXXXX XXXXXXXXXXXXXXXX
0040 : XXXXXXXXXXXXXXXX XXXXXXXXXXXXXXXX XXXXXXXXXXXXXXXX XXXXXXXXXXXXXXXX
0080 : XXXXXXXXXXXXXXXX XXXXXXXXXXXXXXXX XXXXXXXXXXXXXXXX XXXXXXXXXXXXXXXX
00C0 : XXXXXXXXXXXXXXXX XXXXXXXXXXXXXXXX XXXXXXXXXXXXXXXX XXXXXXXXXXXXXXXX
0100 : XXXXXXXXXXXXXXXX XXXXXXXXXXXXXXXX XXXXXXXXXXXXXXXX XXXXXXXXXXXXXXXX
0140 : XXXXXXXXXXXXXXXX XXXXXXXXXXXXXXXX XXXXXXXXXXXXXXXX XXXXXXXXXXXXXXXX
0180 : XXXXXXXXXXXXXX-- ---------------- ---------------- ----------------
2000 : -------X-------- ---------------- ---------------- ----------------

All other memory blocks unused.

Program Memory Words Used:   398
Program Memory Words Free:   114


Errors   :     0
Warnings :     0 reported,     0 suppressed
Messages :     1 reported,     0 suppressed

